<?xml version="1.0" encoding="UTF-8"?>
<!-- Generated by org.testng.reporters.JUnitXMLReporter -->
<testsuite hostname="QTLSYS2-94" ignored="117" name="Test" tests="1" failures="1" timestamp="22 Jan 2020 05:53:54 GMT" time="226.996" errors="0">
  <testcase name="PickCustwithDirectDepasYes_Advance_UncheckDepositinEOD_Paydateshouldmoveforward_Agebeforenextpaydate_SelectScheduleACHinTransactionList_ProcessNACHA_MakeDeposit" time="218.539" classname="pack.AA_FL_PDL">
    <failure type="org.openqa.selenium.UnhandledAlertException" message="Modal dialog present: Please select a transaction in the drop-down box.
Build info: version: &amp;apos;3.14.0&amp;apos;, revision: &amp;apos;aacccce0&amp;apos;, time: &amp;apos;2018-08-02T20:19:58.91Z&amp;apos;
System info: host: &amp;apos;QTLSYS2-94&amp;apos;, ip: &amp;apos;192.168.2.94&amp;apos;, os.name: &amp;apos;Windows 10&amp;apos;, os.arch: &amp;apos;amd64&amp;apos;, os.version: &amp;apos;10.0&amp;apos;, java.version: &amp;apos;1.8.0_171&amp;apos;
Driver info: org.openqa.selenium.ie.InternetExplorerDriver
Capabilities {browserAttachTimeout: 0, browserName: internet explorer, cssSelectorsEnabled: true, elementScrollBehavior: 0, enableElementCacheCleanup: true, enablePersistentHover: true, handlesAlerts: true, ie.browserCommandLineSwitches: , ie.ensureCleanSession: false, ie.forceCreateProcessApi: false, ie.usePerProcessProxy: false, ignoreProtectedModeSettings: false, ignoreZoomSetting: false, initialBrowserUrl: http://localhost:25312/, javascriptEnabled: true, nativeEvents: true, platform: WINDOWS, platformName: WINDOWS, requireWindowFocus: false, takesScreenshot: true, unexpectedAlertBehaviour: dismiss, unhandledPromptBehavior: dismiss, version: 11}
Session ID: 692c86f7-7b65-4fc2-83ee-cbc0f7a54159">
      <![CDATA[org.openqa.selenium.UnhandledAlertException: Modal dialog present: Please select a transaction in the drop-down box.
Build info: version: '3.14.0', revision: 'aacccce0', time: '2018-08-02T20:19:58.91Z'
System info: host: 'QTLSYS2-94', ip: '192.168.2.94', os.name: 'Windows 10', os.arch: 'amd64', os.version: '10.0', java.version: '1.8.0_171'
Driver info: org.openqa.selenium.ie.InternetExplorerDriver
Capabilities {browserAttachTimeout: 0, browserName: internet explorer, cssSelectorsEnabled: true, elementScrollBehavior: 0, enableElementCacheCleanup: true, enablePersistentHover: true, handlesAlerts: true, ie.browserCommandLineSwitches: , ie.ensureCleanSession: false, ie.forceCreateProcessApi: false, ie.usePerProcessProxy: false, ignoreProtectedModeSettings: false, ignoreZoomSetting: false, initialBrowserUrl: http://localhost:25312/, javascriptEnabled: true, nativeEvents: true, platform: WINDOWS, platformName: WINDOWS, requireWindowFocus: false, takesScreenshot: true, unexpectedAlertBehaviour: dismiss, unhandledPromptBehavior: dismiss, version: 11}
Session ID: 692c86f7-7b65-4fc2-83ee-cbc0f7a54159
at org.openqa.selenium.remote.ErrorHandler.createThrowable(ErrorHandler.java:214)
at org.openqa.selenium.remote.ErrorHandler.createUnhandledAlertException(ErrorHandler.java:195)
at org.openqa.selenium.remote.ErrorHandler.throwIfResponseFailed(ErrorHandler.java:156)
at org.openqa.selenium.remote.http.JsonHttpResponseCodec.reconstructValue(JsonHttpResponseCodec.java:40)
at org.openqa.selenium.remote.http.AbstractHttpResponseCodec.decode(AbstractHttpResponseCodec.java:80)
at org.openqa.selenium.remote.http.AbstractHttpResponseCodec.decode(AbstractHttpResponseCodec.java:44)
at org.openqa.selenium.remote.HttpCommandExecutor.execute(HttpCommandExecutor.java:158)
at org.openqa.selenium.remote.service.DriverCommandExecutor.execute(DriverCommandExecutor.java:83)
at org.openqa.selenium.remote.RemoteWebDriver.execute(RemoteWebDriver.java:548)
at org.openqa.selenium.remote.RemoteWebDriver.execute(RemoteWebDriver.java:605)
at org.openqa.selenium.remote.RemoteWebDriver.getWindowHandles(RemoteWebDriver.java:456)
at pack.Schedule_ACH.Schedule_ACH(Schedule_ACH.java:175)
at pack.AA_FL_PDL.PickCustwithDirectDepasYes_Advance_UncheckDepositinEOD_Paydateshouldmoveforward_Agebeforenextpaydate_SelectScheduleACHinTransactionList_ProcessNACHA_MakeDeposit(AA_FL_PDL.java:5861)
... Removed 29 stack frames]]>
    </failure>
  </testcase> <!-- PickCustwithDirectDepasYes_Advance_UncheckDepositinEOD_Paydateshouldmoveforward_Agebeforenextpaydate_SelectScheduleACHinTransactionList_ProcessNACHA_MakeDeposit -->
  <testcase name="NewLoan_AgeStore_BuyBack_2Tendertype_CashTranssionShouldnotbeprocessed" time="0.0" classname="pack.AA_FL_PDL">
    <ignored/>
  </testcase> <!-- NewLoan_AgeStore_BuyBack_2Tendertype_CashTranssionShouldnotbeprocessed -->
  <testcase name="Loan_ReturnPosting_30PerofTotalDue__CheckWriteOff180daystoretdate" time="0.0" classname="pack.AA_FL_PDL">
    <ignored/>
  </testcase> <!-- Loan_ReturnPosting_30PerofTotalDue__CheckWriteOff180daystoretdate -->
  <testcase name="PreNoteDepositClear_CustomerInactiveAndActive_EOD" time="0.0" classname="pack.AA_FL_PDL">
    <ignored/>
  </testcase> <!-- PreNoteDepositClear_CustomerInactiveAndActive_EOD -->
  <testcase name="NewLoan_AgeStore_BuyBack_2Tendertype_DiffNum_TranssionShouldBeprocessed_BuyBackVoidWithOriginalTender" time="0.0" classname="pack.AA_FL_PDL">
    <ignored/>
  </testcase> <!-- NewLoan_AgeStore_BuyBack_2Tendertype_DiffNum_TranssionShouldBeprocessed_BuyBackVoidWithOriginalTender -->
  <testcase name="Newloan_VoidPrePayment" time="0.0" classname="pack.AA_FL_PDL">
    <ignored/>
  </testcase> <!-- Newloan_VoidPrePayment -->
  <testcase name="VerifyBuyBack_TotalDue" time="0.0" classname="pack.AA_FL_PDL">
    <ignored/>
  </testcase> <!-- VerifyBuyBack_TotalDue -->
  <testcase name="Partialpayment_MO_Dif_EOD_Deposit_CasVoid" time="0.0" classname="pack.AA_FL_PDL">
    <ignored/>
  </testcase> <!-- Partialpayment_MO_Dif_EOD_Deposit_CasVoid -->
  <testcase name="NewLoanwithcheck_VerifycheckAmountfield" time="0.0" classname="pack.AA_FL_PDL">
    <ignored/>
  </testcase> <!-- NewLoanwithcheck_VerifycheckAmountfield -->
  <testcase name="Partialpayment_void" time="0.0" classname="pack.AA_FL_PDL">
    <ignored/>
  </testcase> <!-- Partialpayment_void -->
  <testcase name="NewLoan_AchRevoke_DepositShouldNotDisplay" time="0.0" classname="pack.AA_FL_PDL">
    <ignored/>
  </testcase> <!-- NewLoan_AchRevoke_DepositShouldNotDisplay -->
  <testcase name="PartialPayment_Agestore_CheckLoanDisplayedEOD" time="0.0" classname="pack.AA_FL_PDL">
    <ignored/>
  </testcase> <!-- PartialPayment_Agestore_CheckLoanDisplayedEOD -->
  <testcase name="Advance_deposit_ACHPP2tenderCCKdiffnumbers_Transactionnprocessed_ValidateandprocessMidDayDeposit_VoidwithCashonlyDisplayed" time="0.0" classname="pack.AA_FL_PDL">
    <ignored/>
  </testcase> <!-- Advance_deposit_ACHPP2tenderCCKdiffnumbers_Transactionnprocessed_ValidateandprocessMidDayDeposit_VoidwithCashonlyDisplayed -->
  <testcase name="NewLoan_AgeStore_BuyBack_CCK_2Tendertype_DiffNum_TranssionShouldBeprocessed" time="0.0" classname="pack.AA_FL_PDL">
    <ignored/>
  </testcase> <!-- NewLoan_AgeStore_BuyBack_CCK_2Tendertype_DiffNum_TranssionShouldBeprocessed -->
  <testcase name="Deposit_ACHReturn_WORwithtendertypesCCKwithsamenumbers" time="0.0" classname="pack.AA_FL_PDL">
    <ignored/>
  </testcase> <!-- Deposit_ACHReturn_WORwithtendertypesCCKwithsamenumbers -->
  <testcase name="NewLoan_AgeStore_BuyBack_2Tendertype_Mo_SameNum_TranssionShouldnotbeprocessed" time="0.0" classname="pack.AA_FL_PDL">
    <ignored/>
  </testcase> <!-- NewLoan_AgeStore_BuyBack_2Tendertype_Mo_SameNum_TranssionShouldnotbeprocessed -->
  <testcase name="PickCustwithDirectDepasYes_Advance_UncheckDepositinEOD_Paydateshouldmoveforward" time="0.0" classname="pack.AA_FL_PDL">
    <ignored/>
  </testcase> <!-- PickCustwithDirectDepasYes_Advance_UncheckDepositinEOD_Paydateshouldmoveforward -->
  <testcase name="Partialpayment_agestorevoid" time="0.0" classname="pack.AA_FL_PDL">
    <ignored/>
  </testcase> <!-- Partialpayment_agestorevoid -->
  <testcase name="NewLoan_Prenote_Deposit_Verification_weekly" time="0.0" classname="pack.AA_FL_PDL">
    <ignored/>
  </testcase> <!-- NewLoan_Prenote_Deposit_Verification_weekly -->
  <testcase name="Partialpayment_MO_Dif_MidDayDeposit_CashVoid" time="0.0" classname="pack.AA_FL_PDL">
    <ignored/>
  </testcase> <!-- Partialpayment_MO_Dif_MidDayDeposit_CashVoid -->
  <testcase name="Partialpayment_Mo_DifNumber_void" time="0.0" classname="pack.AA_FL_PDL">
    <ignored/>
  </testcase> <!-- Partialpayment_Mo_DifNumber_void -->
  <testcase name="Advance_deposit_ACHPP2tenderCCKdiffnumbers_Transactionprocessed_VoidACHPPwithOriginaltender_Validatetenderdetails" time="0.0" classname="pack.AA_FL_PDL">
    <ignored/>
  </testcase> <!-- Advance_deposit_ACHPP2tenderCCKdiffnumbers_Transactionprocessed_VoidACHPPwithOriginaltender_Validatetenderdetails -->
  <testcase name="NewLoan_VoidEncryptionKey" time="0.0" classname="pack.AA_FL_PDL">
    <ignored/>
  </testcase> <!-- NewLoan_VoidEncryptionKey -->
  <testcase name="Deposit_ACR_ACHP_2tender_type_MO_transaction_void_with_cash" time="0.0" classname="pack.AA_FL_PDL">
    <ignored/>
  </testcase> <!-- Deposit_ACR_ACHP_2tender_type_MO_transaction_void_with_cash -->
  <testcase name="Advance_deposit_ACHR_WOR2CCKDiffNumbers_Transactionprocessed_deassigndrawer_MidDayDeposit_VoidWORCashOnly" time="0.0" classname="pack.AA_FL_PDL">
    <ignored/>
  </testcase> <!-- Advance_deposit_ACHR_WOR2CCKDiffNumbers_Transactionprocessed_deassigndrawer_MidDayDeposit_VoidWORCashOnly -->
  <testcase name="BuyBack_Void" time="0.0" classname="pack.AA_FL_PDL">
    <ignored/>
  </testcase> <!-- BuyBack_Void -->
  <testcase name="NewLoan_Deposit_Clear_prepayment_clear_refund" time="0.0" classname="pack.AA_FL_PDL">
    <ignored/>
  </testcase> <!-- NewLoan_Deposit_Clear_prepayment_clear_refund -->
  <testcase name="Deposit_ACR_ACHP_2tender_type_MO_same_transaction" time="0.0" classname="pack.AA_FL_PDL">
    <ignored/>
  </testcase> <!-- Deposit_ACR_ACHP_2tender_type_MO_same_transaction -->
  <testcase name="Deposit_ACR_ACHP_2tender_type_cck_transaction_void" time="0.0" classname="pack.AA_FL_PDL">
    <ignored/>
  </testcase> <!-- Deposit_ACR_ACHP_2tender_type_cck_transaction_void -->
  <testcase name="NewLoan_ReturnPosting_60days_Writeoff" time="0.0" classname="pack.AA_FL_PDL">
    <ignored/>
  </testcase> <!-- NewLoan_ReturnPosting_60days_Writeoff -->
  <testcase name="NewLoan_PartialPayment_throghEOD_CheckDepositdAmount" time="0.0" classname="pack.AA_FL_PDL">
    <ignored/>
  </testcase> <!-- NewLoan_PartialPayment_throghEOD_CheckDepositdAmount -->
  <testcase name="NewLoan_AgeStore_BuyBack_2Tendertype_DiffNum_TranssionShouldBeprocessed_BuyBackNextProcessingday_OnlyCashshouldbeAvalible" time="0.0" classname="pack.AA_FL_PDL">
    <ignored/>
  </testcase> <!-- NewLoan_AgeStore_BuyBack_2Tendertype_DiffNum_TranssionShouldBeprocessed_BuyBackNextProcessingday_OnlyCashshouldbeAvalible -->
  <testcase name="NewLoan_Deposit_Clear_prepayment_clear_refund_check" time="0.0" classname="pack.AA_FL_PDL">
    <ignored/>
  </testcase> <!-- NewLoan_Deposit_Clear_prepayment_clear_refund_check -->
  <testcase name="Loan__ACHOptOutBeforePrenotedate__ACHOptInAfterPrenOteDate__PrenoteDepInAdmin___PreNotedep" time="0.0" classname="pack.AA_FL_PDL">
    <ignored/>
  </testcase> <!-- Loan__ACHOptOutBeforePrenotedate__ACHOptInAfterPrenOteDate__PrenoteDepInAdmin___PreNotedep -->
  <testcase name="PartialPayment_ACH_Deposit" time="0.0" classname="pack.AA_FL_PDL">
    <ignored/>
  </testcase> <!-- PartialPayment_ACH_Deposit -->
  <testcase name="Partialpayment_Mo_DifNumber_Cashvoid" time="0.0" classname="pack.AA_FL_PDL">
    <ignored/>
  </testcase> <!-- Partialpayment_Mo_DifNumber_Cashvoid -->
  <testcase name="PreNotDeposit_PreNoteClear_CustomerInactive_Deposit" time="0.0" classname="pack.AA_FL_PDL">
    <ignored/>
  </testcase> <!-- PreNotDeposit_PreNoteClear_CustomerInactive_Deposit -->
  <testcase name="NewLoan_PartialPayment" time="0.0" classname="pack.AA_FL_PDL">
    <ignored/>
  </testcase> <!-- NewLoan_PartialPayment -->
  <testcase name="Deposit_ACHReturn_WORwithtendertypesCCKwithdefferentnumbers" time="0.0" classname="pack.AA_FL_PDL">
    <ignored/>
  </testcase> <!-- Deposit_ACHReturn_WORwithtendertypesCCKwithdefferentnumbers -->
  <testcase name="Advance_deposit_ACHPPwith2tendertypessMOwithsamenumbers_Transactionnotprocessed" time="0.0" classname="pack.AA_FL_PDL">
    <ignored/>
  </testcase> <!-- Advance_deposit_ACHPPwith2tendertypessMOwithsamenumbers_Transactionnotprocessed -->
  <testcase name="Loan_ReturnPosting_NSF15_Void_WO60days_Returndate" time="0.0" classname="pack.AA_FL_PDL">
    <ignored/>
  </testcase> <!-- Loan_ReturnPosting_NSF15_Void_WO60days_Returndate -->
  <testcase name="Rescind_AgeStore" time="0.0" classname="pack.AA_FL_PDL">
    <ignored/>
  </testcase> <!-- Rescind_AgeStore -->
  <testcase name="Loan_Full_PrePayment" time="0.0" classname="pack.AA_FL_PDL">
    <ignored/>
  </testcase> <!-- Loan_Full_PrePayment -->
  <testcase name="LoanWithCheck_ConvertACH_Deposit_ACHClear" time="0.0" classname="pack.AA_FL_PDL">
    <ignored/>
  </testcase> <!-- LoanWithCheck_ConvertACH_Deposit_ACHClear -->
  <testcase name="PartialPayment_BuyBack_Void" time="0.0" classname="pack.AA_FL_PDL">
    <ignored/>
  </testcase> <!-- PartialPayment_BuyBack_Void -->
  <testcase name="VerifyLoanAmount" time="0.0" classname="pack.AA_FL_PDL">
    <ignored/>
  </testcase> <!-- VerifyLoanAmount -->
  <testcase name="BorrowerRegistration_NewLoan" time="0.0" classname="pack.AA_FL_PDL">
    <ignored/>
  </testcase> <!-- BorrowerRegistration_NewLoan -->
  <testcase name="LoanwithCheck_Deposit_ReturnwithoutR01R09_FutureDepositNotposted" time="0.0" classname="pack.AA_FL_PDL">
    <ignored/>
  </testcase> <!-- LoanwithCheck_Deposit_ReturnwithoutR01R09_FutureDepositNotposted -->
  <testcase name="NewLoan_AgeStore_BuyBack_CCK_2Tendertype_DiffNum_TranssionShouldBeprocessed_BuyBackVoidWithCash" time="0.0" classname="pack.AA_FL_PDL">
    <ignored/>
  </testcase> <!-- NewLoan_AgeStore_BuyBack_CCK_2Tendertype_DiffNum_TranssionShouldBeprocessed_BuyBackVoidWithCash -->
  <testcase name="Void" time="0.0" classname="pack.AA_FL_PDL">
    <ignored/>
  </testcase> <!-- Void -->
  <testcase name="NewLoan_AgeStore_BuyBack_2Tendertype_DiffNum_MiddayDeposit_BuyBackVoid" time="0.0" classname="pack.AA_FL_PDL">
    <ignored/>
  </testcase> <!-- NewLoan_AgeStore_BuyBack_2Tendertype_DiffNum_MiddayDeposit_BuyBackVoid -->
  <testcase name="Prenotedeposit_Verification" time="0.0" classname="pack.AA_FL_PDL">
    <ignored/>
  </testcase> <!-- Prenotedeposit_Verification -->
  <testcase name="Partialpayment_CCK_DifNumber_Void_Cash" time="0.0" classname="pack.AA_FL_PDL">
    <ignored/>
  </testcase> <!-- Partialpayment_CCK_DifNumber_Void_Cash -->
  <testcase name="ConvertCheckToACHNacha_ACHDepositProcess_ACHReturn" time="0.0" classname="pack.AA_FL_PDL">
    <ignored/>
  </testcase> <!-- ConvertCheckToACHNacha_ACHDepositProcess_ACHReturn -->
  <testcase name="CheckingPartialPmt_SomeDaysAfterDueDate" time="0.0" classname="pack.AA_FL_PDL">
    <ignored/>
  </testcase> <!-- CheckingPartialPmt_SomeDaysAfterDueDate -->
  <testcase name="ACH_Nacha_AchDepAdmin" time="0.0" classname="pack.AA_FL_PDL">
    <ignored/>
  </testcase> <!-- ACH_Nacha_AchDepAdmin -->
  <testcase name="PartialPayment_BuyBackChange_Void" time="0.0" classname="pack.AA_FL_PDL">
    <ignored/>
  </testcase> <!-- PartialPayment_BuyBackChange_Void -->
  <testcase name="NewLoan_PreNoteDeposit_PreNoteClear" time="0.0" classname="pack.AA_FL_PDL">
    <ignored/>
  </testcase> <!-- NewLoan_PreNoteDeposit_PreNoteClear -->
  <testcase name="Rescind" time="0.0" classname="pack.AA_FL_PDL">
    <ignored/>
  </testcase> <!-- Rescind -->
  <testcase name="Loan_Deposit_PrePayment_Return" time="0.0" classname="pack.AA_FL_PDL">
    <ignored/>
  </testcase> <!-- Loan_Deposit_PrePayment_Return -->
  <testcase name="PartialPayment_BuyBack" time="0.0" classname="pack.AA_FL_PDL">
    <ignored/>
  </testcase> <!-- PartialPayment_BuyBack -->
  <testcase name="LoanWithACH_PartialPayment_Payliance_ACHDepositFromAdmin_checkherethedepositedamount" time="0.0" classname="pack.AA_FL_PDL">
    <ignored/>
  </testcase> <!-- LoanWithACH_PartialPayment_Payliance_ACHDepositFromAdmin_checkherethedepositedamount -->
  <testcase name="BorrowerNewLoan_Rule" time="0.0" classname="pack.AA_FL_PDL">
    <ignored/>
  </testcase> <!-- BorrowerNewLoan_Rule -->
  <testcase name="Partialpayment_CCK_DifNumber_Encryption_Void_Cash" time="0.0" classname="pack.AA_FL_PDL">
    <ignored/>
  </testcase> <!-- Partialpayment_CCK_DifNumber_Encryption_Void_Cash -->
  <testcase name="LoanwithACH_NACHA_ACHDepProc_ProcessClear" time="0.0" classname="pack.AA_FL_PDL">
    <ignored/>
  </testcase> <!-- LoanwithACH_NACHA_ACHDepProc_ProcessClear -->
  <testcase name="PartialPayment_MultipleTenderTypes" time="0.0" classname="pack.AA_FL_PDL">
    <ignored/>
  </testcase> <!-- PartialPayment_MultipleTenderTypes -->
  <testcase name="NewLoan_Depost_Return_Redeposit_ProcessClear_Refund" time="0.0" classname="pack.AA_FL_PDL">
    <ignored/>
  </testcase> <!-- NewLoan_Depost_Return_Redeposit_ProcessClear_Refund -->
  <testcase name="NewLoan_DueDate_Holiday_Verification" time="0.0" classname="pack.AA_FL_PDL">
    <ignored/>
  </testcase> <!-- NewLoan_DueDate_Holiday_Verification -->
  <testcase name="Loan_Deposit_FullPrePayment_Clear_Refund" time="0.0" classname="pack.AA_FL_PDL">
    <ignored/>
  </testcase> <!-- Loan_Deposit_FullPrePayment_Clear_Refund -->
  <testcase name="Partialpayment_MO_DifNumber" time="0.0" classname="pack.AA_FL_PDL">
    <ignored/>
  </testcase> <!-- Partialpayment_MO_DifNumber -->
  <testcase name="RegistercustmerwhichdoesnotsatisifyMinterm_verifywhetherpayfrequencydatemovedaccordingtothedate" time="0.0" classname="pack.AA_FL_PDL">
    <ignored/>
  </testcase> <!-- RegistercustmerwhichdoesnotsatisifyMinterm_verifywhetherpayfrequencydatemovedaccordingtothedate -->
  <testcase name="NewLoan_PreNoteDiposit_6daysBeforeDueDate" time="0.0" classname="pack.AA_FL_PDL">
    <ignored/>
  </testcase> <!-- NewLoan_PreNoteDiposit_6daysBeforeDueDate -->
  <testcase name="Byback_agestore_void" time="0.0" classname="pack.AA_FL_PDL">
    <ignored/>
  </testcase> <!-- Byback_agestore_void -->
  <testcase name="NewLoan_AgeStore_BuyBack_CCK_2Tendertype_DiffNum_TranssionShouldBeprocessed_BuyBackVoidWithOriginalTender" time="0.0" classname="pack.AA_FL_PDL">
    <ignored/>
  </testcase> <!-- NewLoan_AgeStore_BuyBack_CCK_2Tendertype_DiffNum_TranssionShouldBeprocessed_BuyBackVoidWithOriginalTender -->
  <testcase name="Deposit_ACR_WOR_2tender_type_MO_transaction_Void" time="0.0" classname="pack.AA_FL_PDL">
    <ignored/>
  </testcase> <!-- Deposit_ACR_WOR_2tender_type_MO_transaction_Void -->
  <testcase name="LoanWithCheck_ConvertAch_AchPrePayment_AchClr_Refund" time="0.0" classname="pack.AA_FL_PDL">
    <ignored/>
  </testcase> <!-- LoanWithCheck_ConvertAch_AchPrePayment_AchClr_Refund -->
  <testcase name="Nacha_ACHDepositProcess_ACHReturn" time="0.0" classname="pack.AA_FL_PDL">
    <ignored/>
  </testcase> <!-- Nacha_ACHDepositProcess_ACHReturn -->
  <testcase name="LoanwithCheck_ConverttoACH_ACHDepproc_ProcClear" time="0.0" classname="pack.AA_FL_PDL">
    <ignored/>
  </testcase> <!-- LoanwithCheck_ConverttoACH_ACHDepproc_ProcClear -->
  <testcase name="NewLoan_AgeStore_BuyBack_CCK_2Tendertype_DiffNum_TranssionShouldBeprocessed_BuyBackNextProcessingday_OnlyCashshouldbeAvalible" time="0.0" classname="pack.AA_FL_PDL">
    <ignored/>
  </testcase> <!-- NewLoan_AgeStore_BuyBack_CCK_2Tendertype_DiffNum_TranssionShouldBeprocessed_BuyBackNextProcessingday_OnlyCashshouldbeAvalible -->
  <testcase name="Partialpayment_SameTender_Cash" time="0.0" classname="pack.AA_FL_PDL">
    <ignored/>
  </testcase> <!-- Partialpayment_SameTender_Cash -->
  <testcase name="Deposit_ACR_ACHP_2tender_type_cck_transaction_DrawerDeassign_Midday_Void" time="0.0" classname="pack.AA_FL_PDL">
    <ignored/>
  </testcase> <!-- Deposit_ACR_ACHP_2tender_type_cck_transaction_DrawerDeassign_Midday_Void -->
  <testcase name="Partialpayment_MO_SameNumber" time="0.0" classname="pack.AA_FL_PDL">
    <ignored/>
  </testcase> <!-- Partialpayment_MO_SameNumber -->
  <testcase name="NewLoan_Buyback_Verify" time="0.0" classname="pack.AA_FL_PDL">
    <ignored/>
  </testcase> <!-- NewLoan_Buyback_Verify -->
  <testcase name="ACHRevokeBeforePreNoteDate_ACHAuthAfterPreNoteDate" time="0.0" classname="pack.AA_FL_PDL">
    <ignored/>
  </testcase> <!-- ACHRevokeBeforePreNoteDate_ACHAuthAfterPreNoteDate -->
  <testcase name="NewLoan_AgeStore_BuyBack_2Tendertype_CCK_SameNum_TranssionShouldnotbeprocessed" time="0.0" classname="pack.AA_FL_PDL">
    <ignored/>
  </testcase> <!-- NewLoan_AgeStore_BuyBack_2Tendertype_CCK_SameNum_TranssionShouldnotbeprocessed -->
  <testcase name="NewLoan_AgeStore_BuyBack_2Tendertype_DiffNum_TranssionShouldBeprocessed" time="0.0" classname="pack.AA_FL_PDL">
    <ignored/>
  </testcase> <!-- NewLoan_AgeStore_BuyBack_2Tendertype_DiffNum_TranssionShouldBeprocessed -->
  <testcase name="NewLoan_Weekly_Duedate" time="0.0" classname="pack.AA_FL_PDL">
    <ignored/>
  </testcase> <!-- NewLoan_Weekly_Duedate -->
  <testcase name="NewLoan_Deposit_Return_Prenotedeposit" time="0.0" classname="pack.AA_FL_PDL">
    <ignored/>
  </testcase> <!-- NewLoan_Deposit_Return_Prenotedeposit -->
  <testcase name="Advance_BuyBackWithtwotendertypesasCCKwithDifferentNumbers_TransactionShouldProcess_DrawerDeAssign_ValidateMidDayDeposit_deposit_MidDayDeposit_VoidBuyBackCashOnlyDisplay" time="0.0" classname="pack.AA_FL_PDL">
    <ignored/>
  </testcase> <!-- Advance_BuyBackWithtwotendertypesasCCKwithDifferentNumbers_TransactionShouldProcess_DrawerDeAssign_ValidateMidDayDeposit_deposit_MidDayDeposit_VoidBuyBackCashOnlyDisplay -->
  <testcase name="NewLoan_AgeStore_BuyBack_2Tendertype_DiffNum_TranssionShouldBeprocessed_BuyBackVoidwithCash" time="0.0" classname="pack.AA_FL_PDL">
    <ignored/>
  </testcase> <!-- NewLoan_AgeStore_BuyBack_2Tendertype_DiffNum_TranssionShouldBeprocessed_BuyBackVoidwithCash -->
  <testcase name="Loan_AgeStore_ProcessDeposit_Payliance_DepositShouldPost" time="0.0" classname="pack.AA_FL_PDL">
    <ignored/>
  </testcase> <!-- Loan_AgeStore_ProcessDeposit_Payliance_DepositShouldPost -->
  <testcase name="Partialpayment_CCK_Dif_MidDayDeposit_CashVoid" time="0.0" classname="pack.AA_FL_PDL">
    <ignored/>
  </testcase> <!-- Partialpayment_CCK_Dif_MidDayDeposit_CashVoid -->
  <testcase name="LoanWithCheck_DepConvertToACH_ACHDep_ProcessEOD" time="0.0" classname="pack.AA_FL_PDL">
    <ignored/>
  </testcase> <!-- LoanWithCheck_DepConvertToACH_ACHDep_ProcessEOD -->
  <testcase name="LoanwithACH_Deposit_ReturnwithreasonotherthanR01R09_NoFutureDepositAllow" time="0.0" classname="pack.AA_FL_PDL">
    <ignored/>
  </testcase> <!-- LoanwithACH_Deposit_ReturnwithreasonotherthanR01R09_NoFutureDepositAllow -->
  <testcase name="Partialpayment_CCK_DifNumber_Void_OriginalTender" time="0.0" classname="pack.AA_FL_PDL">
    <ignored/>
  </testcase> <!-- Partialpayment_CCK_DifNumber_Void_OriginalTender -->
  <testcase name="NewLoan_Biweekly_Duedate" time="0.0" classname="pack.AA_FL_PDL">
    <ignored/>
  </testcase> <!-- NewLoan_Biweekly_Duedate -->
  <testcase name="Partialpayment_CCK_SameNumber" time="0.0" classname="pack.AA_FL_PDL">
    <ignored/>
  </testcase> <!-- Partialpayment_CCK_SameNumber -->
  <testcase name="Newloan_PartialPayment_Deposit_Clear_Refund" time="0.0" classname="pack.AA_FL_PDL">
    <ignored/>
  </testcase> <!-- Newloan_PartialPayment_Deposit_Clear_Refund -->
  <testcase name="NewLoan_AgeStore_BuyBack" time="0.0" classname="pack.AA_FL_PDL">
    <ignored/>
  </testcase> <!-- NewLoan_AgeStore_BuyBack -->
  <testcase name="Prenotedeposit_Verification_within5businessdays" time="0.0" classname="pack.AA_FL_PDL">
    <ignored/>
  </testcase> <!-- Prenotedeposit_Verification_within5businessdays -->
  <testcase name="LoanwithCheck__DepConvertACH__Deposit__ACHReturn" time="0.0" classname="pack.AA_FL_PDL">
    <ignored/>
  </testcase> <!-- LoanwithCheck__DepConvertACH__Deposit__ACHReturn -->
  <testcase name="Partialpayment_Mo_DifNumber_AgestoreCashvoid" time="0.0" classname="pack.AA_FL_PDL">
    <ignored/>
  </testcase> <!-- Partialpayment_Mo_DifNumber_AgestoreCashvoid -->
  <testcase name="Loan__ACHOptOutBeforePrenotedate_PrenoteDepositShouldnotpost" time="0.0" classname="pack.AA_FL_PDL">
    <ignored/>
  </testcase> <!-- Loan__ACHOptOutBeforePrenotedate_PrenoteDepositShouldnotpost -->
  <testcase name="Advance_BuyBackWithtwotendertypesasCCKwithDifferentNumbers_TransactionShouldProcess_DrawerDeAssign_ValidateEOD_deposit_MidDayDeposit_VoidBuyBackCashOnlyDisplay" time="0.0" classname="pack.AA_FL_PDL">
    <ignored/>
  </testcase> <!-- Advance_BuyBackWithtwotendertypesasCCKwithDifferentNumbers_TransactionShouldProcess_DrawerDeAssign_ValidateEOD_deposit_MidDayDeposit_VoidBuyBackCashOnlyDisplay -->
  <testcase name="NewLoan_SemiMonthly_Duedate" time="0.0" classname="pack.AA_FL_PDL">
    <ignored/>
  </testcase> <!-- NewLoan_SemiMonthly_Duedate -->
  <testcase name="Advance_deposit_ACHPPwith2tendertypessMOwithdiffnumbers_Transactionprocessed_VoidACHPPwithcash" time="0.0" classname="pack.AA_FL_PDL">
    <ignored/>
  </testcase> <!-- Advance_deposit_ACHPPwith2tendertypessMOwithdiffnumbers_Transactionprocessed_VoidACHPPwithcash -->
  <testcase name="Deposit_ACR_WOR_2tender_type_same_MO_transaction" time="0.0" classname="pack.AA_FL_PDL">
    <ignored/>
  </testcase> <!-- Deposit_ACR_WOR_2tender_type_same_MO_transaction -->
  <testcase name="Partialpayment_CCK_Dif_EOD_Deposit_CasVoid" time="0.0" classname="pack.AA_FL_PDL">
    <ignored/>
  </testcase> <!-- Partialpayment_CCK_Dif_EOD_Deposit_CasVoid -->
  <testcase name="Advance_deposit_ACHPP2tenderCCKsamenumbers_Transactionnotprocessed" time="0.0" classname="pack.AA_FL_PDL">
    <ignored/>
  </testcase> <!-- Advance_deposit_ACHPP2tenderCCKsamenumbers_Transactionnotprocessed -->
  <testcase name="NewLoan_Monthly_Duedate" time="0.0" classname="pack.AA_FL_PDL">
    <ignored/>
  </testcase> <!-- NewLoan_Monthly_Duedate -->
  <testcase name="Loan_Agestoreduedate_performdepositPrepayment_agestore_ProcessClear" time="0.0" classname="pack.AA_FL_PDL">
    <ignored/>
  </testcase> <!-- Loan_Agestoreduedate_performdepositPrepayment_agestore_ProcessClear -->
  <testcase name="Partialpayment_CCK_DifNumber" time="0.0" classname="pack.AA_FL_PDL">
    <ignored/>
  </testcase> <!-- Partialpayment_CCK_DifNumber -->
  <testcase name="Loan_Deposit_PrePaymentfull_Return_RefundnotDisplay" time="0.0" classname="pack.AA_FL_PDL">
    <ignored/>
  </testcase> <!-- Loan_Deposit_PrePaymentfull_Return_RefundnotDisplay -->
  <testcase name="Loan_ReturnPosting_15PerofTotalDue__CheckWriteOff120daystoretdate" time="0.0" classname="pack.AA_FL_PDL">
    <ignored/>
  </testcase> <!-- Loan_ReturnPosting_15PerofTotalDue__CheckWriteOff120daystoretdate -->
  <testcase name="ACHLoan_ACHRev_ACHAuth_ACHDep_CheckDepwithNewBnkDet" time="0.0" classname="pack.AA_FL_PDL">
    <ignored/>
  </testcase> <!-- ACHLoan_ACHRev_ACHAuth_ACHDep_CheckDepwithNewBnkDet -->
  <testcase name="NewLoan_Deposit_CheckPartialPaymentDisplay_AfterDeposit" time="0.0" classname="pack.AA_FL_PDL">
    <ignored/>
  </testcase> <!-- NewLoan_Deposit_CheckPartialPaymentDisplay_AfterDeposit -->
  <testcase name="Deposit_ACR_ACHP_2tender_type_cck_same_transaction" time="0.0" classname="pack.AA_FL_PDL">
    <ignored/>
  </testcase> <!-- Deposit_ACR_ACHP_2tender_type_cck_same_transaction -->
  <testcase name="NewLoan_PerformDeposit_ThroughEOD" time="0.0" classname="pack.AA_FL_PDL">
    <ignored/>
  </testcase> <!-- NewLoan_PerformDeposit_ThroughEOD -->
</testsuite> <!-- Test -->
